Assembler report for Projeto_4
Wed Oct 19 00:24:28 2022
Quartus Prime Version 20.1.1 Build 720 11/11/2020 SJ Lite Edition


---------------------
; Table of Contents ;
---------------------
  1. Legal Notice
  2. Assembler Summary
  3. Assembler Settings
  4. Assembler Generated Files
  5. Assembler Device Options: C:/Users/JairoMagnoCaracciolo/OneDrive - Direction Systems Ltda/Documentos/Periodo_2022.1/Eletronica_Digital/Período2022.1/Projeto_4/Projeto_no_Quartus/Projeto_4/output_files/Projeto_4.sof
  6. Assembler Messages



----------------
; Legal Notice ;
----------------
Copyright (C) 2020  Intel Corporation. All rights reserved.
Your use of Intel Corporation's design tools, logic functions 
and other software and tools, and any partner logic 
functions, and any output files from any of the foregoing 
(including device programming or simulation files), and any 
associated documentation or information are expressly subject 
to the terms and conditions of the Intel Program License 
Subscription Agreement, the Intel Quartus Prime License Agreement,
the Intel FPGA IP License Agreement, or other applicable license
agreement, including, without limitation, that your use is for
the sole purpose of programming logic devices manufactured by
Intel and sold by Intel or its authorized distributors.  Please
refer to the applicable agreement for further details, at
https://fpgasoftware.intel.com/eula.



+---------------------------------------------------------------+
; Assembler Summary                                             ;
+-----------------------+---------------------------------------+
; Assembler Status      ; Successful - Wed Oct 19 00:24:28 2022 ;
; Revision Name         ; Projeto_4                             ;
; Top-level Entity Name ; Bloco_Topo_Nivel                      ;
; Family                ; Cyclone IV E                          ;
; Device                ; EP4CE6E22C8                           ;
+-----------------------+---------------------------------------+


+----------------------------------+
; Assembler Settings               ;
+--------+---------+---------------+
; Option ; Setting ; Default Value ;
+--------+---------+---------------+


+----------------------------------------------------------------------------------------------------------------------------------------------------------------------------------------------+
; Assembler Generated Files                                                                                                                                                                    ;
+----------------------------------------------------------------------------------------------------------------------------------------------------------------------------------------------+
; File Name                                                                                                                                                                                    ;
+----------------------------------------------------------------------------------------------------------------------------------------------------------------------------------------------+
; C:/Users/JairoMagnoCaracciolo/OneDrive - Direction Systems Ltda/Documentos/Periodo_2022.1/Eletronica_Digital/Período2022.1/Projeto_4/Projeto_no_Quartus/Projeto_4/output_files/Projeto_4.sof ;
+----------------------------------------------------------------------------------------------------------------------------------------------------------------------------------------------+


+------------------------------------------------------------------------------------------------------------------------------------------------------------------------------------------------------------------------+
; Assembler Device Options: C:/Users/JairoMagnoCaracciolo/OneDrive - Direction Systems Ltda/Documentos/Periodo_2022.1/Eletronica_Digital/Período2022.1/Projeto_4/Projeto_no_Quartus/Projeto_4/output_files/Projeto_4.sof ;
+----------------+-------------------------------------------------------------------------------------------------------------------------------------------------------------------------------------------------------+
; Option         ; Setting                                                                                                                                                                                               ;
+----------------+-------------------------------------------------------------------------------------------------------------------------------------------------------------------------------------------------------+
; JTAG usercode  ; 0x0019DD0B                                                                                                                                                                                            ;
; Checksum       ; 0x0019DD0B                                                                                                                                                                                            ;
+----------------+-------------------------------------------------------------------------------------------------------------------------------------------------------------------------------------------------------+


+--------------------+
; Assembler Messages ;
+--------------------+
Info: *******************************************************************
Info: Running Quartus Prime Assembler
    Info: Version 20.1.1 Build 720 11/11/2020 SJ Lite Edition
    Info: Processing started: Wed Oct 19 00:24:26 2022
Info: Command: quartus_asm --read_settings_files=off --write_settings_files=off Projeto_4 -c Projeto_4
Warning (18236): Number of processors has not been specified which may cause overloading on shared machines.  Set the global assignment NUM_PARALLEL_PROCESSORS in your QSF to an appropriate value for best performance.
Info (115031): Writing out detailed assembly data for power analysis
Info (115030): Assembler is generating device programming files
Info: Quartus Prime Assembler was successful. 0 errors, 1 warning
    Info: Peak virtual memory: 4685 megabytes
    Info: Processing ended: Wed Oct 19 00:24:28 2022
    Info: Elapsed time: 00:00:02
    Info: Total CPU time (on all processors): 00:00:01


