Assembler report for Projeto_3_musicplayer
Tue Sep 13 23:19:13 2022
Quartus Prime Version 20.1.1 Build 720 11/11/2020 SJ Lite Edition


---------------------
; Table of Contents ;
---------------------
  1. Legal Notice
  2. Assembler Summary
  3. Assembler Settings
  4. Assembler Generated Files
  5. Assembler Device Options: C:/Users/carlo/Desktop/Periodo_22.1/Eletronica_Digital/Projetos/Projeto_3/output_files/Projeto_3_musicplayer.sof
  6. Assembler Messages



----------------
; Legal Notice ;
----------------
Copyright (C) 2020  Intel Corporation. All rights reserved.
Your use of Intel Corporation's design tools, logic functions 
and other software and tools, and any partner logic 
functions, and any output files from any of the foregoing 
(including device programming or simulation files), and any 
associated documentation or information are expressly subject 
to the terms and conditions of the Intel Program License 
Subscription Agreement, the Intel Quartus Prime License Agreement,
the Intel FPGA IP License Agreement, or other applicable license
agreement, including, without limitation, that your use is for
the sole purpose of programming logic devices manufactured by
Intel and sold by Intel or its authorized distributors.  Please
refer to the applicable agreement for further details, at
https://fpgasoftware.intel.com/eula.



+---------------------------------------------------------------+
; Assembler Summary                                             ;
+-----------------------+---------------------------------------+
; Assembler Status      ; Successful - Tue Sep 13 23:19:13 2022 ;
; Revision Name         ; Projeto_3_musicplayer                 ;
; Top-level Entity Name ; music_player_v2                       ;
; Family                ; Cyclone IV E                          ;
; Device                ; EP4CE6E22C8                           ;
+-----------------------+---------------------------------------+


+----------------------------------+
; Assembler Settings               ;
+--------+---------+---------------+
; Option ; Setting ; Default Value ;
+--------+---------+---------------+


+------------------------------------------------------------------------------------------------------------------+
; Assembler Generated Files                                                                                        ;
+------------------------------------------------------------------------------------------------------------------+
; File Name                                                                                                        ;
+------------------------------------------------------------------------------------------------------------------+
; C:/Users/carlo/Desktop/Periodo_22.1/Eletronica_Digital/Projetos/Projeto_3/output_files/Projeto_3_musicplayer.sof ;
+------------------------------------------------------------------------------------------------------------------+


+--------------------------------------------------------------------------------------------------------------------------------------------+
; Assembler Device Options: C:/Users/carlo/Desktop/Periodo_22.1/Eletronica_Digital/Projetos/Projeto_3/output_files/Projeto_3_musicplayer.sof ;
+----------------+---------------------------------------------------------------------------------------------------------------------------+
; Option         ; Setting                                                                                                                   ;
+----------------+---------------------------------------------------------------------------------------------------------------------------+
; JTAG usercode  ; 0x001773B7                                                                                                                ;
; Checksum       ; 0x001773B7                                                                                                                ;
+----------------+---------------------------------------------------------------------------------------------------------------------------+


+--------------------+
; Assembler Messages ;
+--------------------+
Info: *******************************************************************
Info: Running Quartus Prime Assembler
    Info: Version 20.1.1 Build 720 11/11/2020 SJ Lite Edition
    Info: Processing started: Tue Sep 13 23:19:13 2022
Info: Command: quartus_asm --read_settings_files=off --write_settings_files=off Projeto_3 -c Projeto_3_musicplayer
Info (115031): Writing out detailed assembly data for power analysis
Info (115030): Assembler is generating device programming files
Info: Quartus Prime Assembler was successful. 0 errors, 0 warnings
    Info: Peak virtual memory: 4682 megabytes
    Info: Processing ended: Tue Sep 13 23:19:13 2022
    Info: Elapsed time: 00:00:00
    Info: Total CPU time (on all processors): 00:00:01


